{"/home/mahoraga/repositorios/authenticator-api/src/repositories/in-memory/in-memory-users-repository.ts": {"path":"/home/mahoraga/repositorios/authenticator-api/src/repositories/in-memory/in-memory-users-repository.ts","all":false,"statementMap":{"0":{"start":{"line":1,"column":0},"end":{"line":1,"column":41}},"8":{"start":{"line":9,"column":0},"end":{"line":9,"column":65}},"9":{"start":{"line":10,"column":0},"end":{"line":10,"column":28}},"11":{"start":{"line":12,"column":0},"end":{"line":12,"column":45}},"12":{"start":{"line":13,"column":0},"end":{"line":13,"column":23}},"13":{"start":{"line":14,"column":0},"end":{"line":14,"column":20}},"14":{"start":{"line":15,"column":0},"end":{"line":15,"column":19}},"15":{"start":{"line":16,"column":0},"end":{"line":16,"column":21}},"16":{"start":{"line":17,"column":0},"end":{"line":17,"column":35}},"17":{"start":{"line":18,"column":0},"end":{"line":18,"column":26}},"18":{"start":{"line":19,"column":0},"end":{"line":19,"column":26}},"19":{"start":{"line":20,"column":0},"end":{"line":20,"column":25}},"20":{"start":{"line":21,"column":0},"end":{"line":21,"column":36}},"21":{"start":{"line":22,"column":0},"end":{"line":22,"column":18}},"22":{"start":{"line":23,"column":0},"end":{"line":23,"column":26}},"23":{"start":{"line":24,"column":0},"end":{"line":24,"column":18}},"24":{"start":{"line":25,"column":0},"end":{"line":25,"column":20}},"25":{"start":{"line":26,"column":0},"end":{"line":26,"column":15}},"26":{"start":{"line":27,"column":0},"end":{"line":27,"column":16}},"27":{"start":{"line":28,"column":0},"end":{"line":28,"column":4}},"29":{"start":{"line":30,"column":0},"end":{"line":30,"column":24}},"30":{"start":{"line":31,"column":0},"end":{"line":31,"column":14}},"31":{"start":{"line":32,"column":0},"end":{"line":32,"column":2}},"33":{"start":{"line":34,"column":0},"end":{"line":34,"column":35}},"34":{"start":{"line":35,"column":0},"end":{"line":35,"column":63}},"35":{"start":{"line":36,"column":0},"end":{"line":36,"column":14}},"36":{"start":{"line":37,"column":0},"end":{"line":37,"column":2}},"37":{"start":{"line":38,"column":0},"end":{"line":38,"column":29}},"38":{"start":{"line":39,"column":0},"end":{"line":39,"column":57}},"39":{"start":{"line":40,"column":0},"end":{"line":40,"column":14}},"40":{"start":{"line":41,"column":0},"end":{"line":41,"column":2}},"41":{"start":{"line":42,"column":0},"end":{"line":42,"column":1}}},"s":{"0":1,"8":1,"9":3,"11":3,"12":3,"13":3,"14":3,"15":3,"16":3,"17":3,"18":3,"19":3,"20":3,"21":3,"22":3,"23":3,"24":3,"25":3,"26":3,"27":3,"29":3,"30":3,"31":3,"33":3,"34":7,"35":7,"36":7,"37":3,"38":0,"39":0,"40":0,"41":3},"branchMap":{"0":{"type":"branch","line":9,"loc":{"start":{"line":9,"column":64},"end":{"line":42,"column":1}},"locations":[{"start":{"line":9,"column":64},"end":{"line":42,"column":1}}]},"1":{"type":"branch","line":12,"loc":{"start":{"line":12,"column":1},"end":{"line":32,"column":2}},"locations":[{"start":{"line":12,"column":1},"end":{"line":32,"column":2}}]},"2":{"type":"branch","line":17,"loc":{"start":{"line":17,"column":18},"end":{"line":17,"column":35}},"locations":[{"start":{"line":17,"column":18},"end":{"line":17,"column":35}}]},"3":{"type":"branch","line":34,"loc":{"start":{"line":34,"column":1},"end":{"line":37,"column":2}},"locations":[{"start":{"line":34,"column":1},"end":{"line":37,"column":2}}]},"4":{"type":"branch","line":35,"loc":{"start":{"line":35,"column":31},"end":{"line":35,"column":61}},"locations":[{"start":{"line":35,"column":31},"end":{"line":35,"column":61}}]}},"b":{"0":[3],"1":[3],"2":[0],"3":[7],"4":[4]},"fnMap":{"0":{"name":"<instance_members_initializer>","decl":{"start":{"line":9,"column":64},"end":{"line":42,"column":1}},"loc":{"start":{"line":9,"column":64},"end":{"line":42,"column":1}},"line":9},"1":{"name":"create","decl":{"start":{"line":12,"column":1},"end":{"line":32,"column":2}},"loc":{"start":{"line":12,"column":1},"end":{"line":32,"column":2}},"line":12},"2":{"name":"findByEmail","decl":{"start":{"line":34,"column":1},"end":{"line":37,"column":2}},"loc":{"start":{"line":34,"column":1},"end":{"line":37,"column":2}},"line":34},"3":{"name":"findById","decl":{"start":{"line":38,"column":1},"end":{"line":41,"column":2}},"loc":{"start":{"line":38,"column":1},"end":{"line":41,"column":2}},"line":38}},"f":{"0":3,"1":3,"2":7,"3":0}}
,"/home/mahoraga/repositorios/authenticator-api/src/usecases/user/register.usecase.ts": {"path":"/home/mahoraga/repositorios/authenticator-api/src/usecases/user/register.usecase.ts","all":false,"statementMap":{"5":{"start":{"line":6,"column":0},"end":{"line":6,"column":30}},"6":{"start":{"line":7,"column":0},"end":{"line":7,"column":87}},"12":{"start":{"line":13,"column":0},"end":{"line":13,"column":30}},"13":{"start":{"line":14,"column":0},"end":{"line":14,"column":57}},"14":{"start":{"line":15,"column":0},"end":{"line":15,"column":15}},"15":{"start":{"line":16,"column":0},"end":{"line":16,"column":31}},"16":{"start":{"line":17,"column":0},"end":{"line":17,"column":38}},"17":{"start":{"line":18,"column":0},"end":{"line":18,"column":72}},"19":{"start":{"line":20,"column":0},"end":{"line":20,"column":53}},"21":{"start":{"line":22,"column":0},"end":{"line":22,"column":66}},"23":{"start":{"line":24,"column":0},"end":{"line":24,"column":42}},"25":{"start":{"line":26,"column":0},"end":{"line":26,"column":66}},"26":{"start":{"line":27,"column":0},"end":{"line":27,"column":50}},"27":{"start":{"line":28,"column":0},"end":{"line":28,"column":18}},"28":{"start":{"line":29,"column":0},"end":{"line":29,"column":2}},"29":{"start":{"line":30,"column":0},"end":{"line":30,"column":1}}},"s":{"5":1,"6":1,"12":1,"13":1,"14":1,"15":4,"16":4,"17":4,"19":4,"21":3,"23":3,"25":3,"26":4,"27":3,"28":4,"29":1},"branchMap":{"0":{"type":"branch","line":14,"loc":{"start":{"line":14,"column":1},"end":{"line":14,"column":57}},"locations":[{"start":{"line":14,"column":1},"end":{"line":14,"column":57}}]},"1":{"type":"branch","line":15,"loc":{"start":{"line":15,"column":1},"end":{"line":29,"column":2}},"locations":[{"start":{"line":15,"column":1},"end":{"line":29,"column":2}}]},"2":{"type":"branch","line":20,"loc":{"start":{"line":20,"column":18},"end":{"line":20,"column":53}},"locations":[{"start":{"line":20,"column":18},"end":{"line":20,"column":53}}]},"3":{"type":"branch","line":20,"loc":{"start":{"line":20,"column":51},"end":{"line":27,"column":19}},"locations":[{"start":{"line":20,"column":51},"end":{"line":27,"column":19}}]},"4":{"type":"branch","line":27,"loc":{"start":{"line":27,"column":13},"end":{"line":27,"column":50}},"locations":[{"start":{"line":27,"column":13},"end":{"line":27,"column":50}}]},"5":{"type":"branch","line":27,"loc":{"start":{"line":27,"column":48},"end":{"line":28,"column":18}},"locations":[{"start":{"line":27,"column":48},"end":{"line":28,"column":18}}]}},"b":{"0":[3],"1":[4],"2":[1],"3":[3],"4":[0],"5":[3]},"fnMap":{"0":{"name":"RegisterUseCase","decl":{"start":{"line":14,"column":1},"end":{"line":14,"column":57}},"loc":{"start":{"line":14,"column":1},"end":{"line":14,"column":57}},"line":14},"1":{"name":"execute","decl":{"start":{"line":15,"column":1},"end":{"line":29,"column":2}},"loc":{"start":{"line":15,"column":1},"end":{"line":29,"column":2}},"line":15}},"f":{"0":3,"1":4}}
,"/home/mahoraga/repositorios/authenticator-api/src/utils/_errors/user-already-exists-error.ts": {"path":"/home/mahoraga/repositorios/authenticator-api/src/utils/_errors/user-already-exists-error.ts","all":false,"statementMap":{"0":{"start":{"line":1,"column":0},"end":{"line":1,"column":51}},"1":{"start":{"line":2,"column":0},"end":{"line":2,"column":16}},"2":{"start":{"line":3,"column":0},"end":{"line":3,"column":32}},"3":{"start":{"line":4,"column":0},"end":{"line":4,"column":2}},"4":{"start":{"line":5,"column":0},"end":{"line":5,"column":1}}},"s":{"0":1,"1":1,"2":1,"3":1,"4":1},"branchMap":{"0":{"type":"branch","line":2,"loc":{"start":{"line":2,"column":1},"end":{"line":4,"column":2}},"locations":[{"start":{"line":2,"column":1},"end":{"line":4,"column":2}}]}},"b":{"0":[1]},"fnMap":{"0":{"name":"UserAlreadyExistsError","decl":{"start":{"line":2,"column":1},"end":{"line":4,"column":2}},"loc":{"start":{"line":2,"column":1},"end":{"line":4,"column":2}},"line":2}},"f":{"0":1}}
}
